[2024-05-06T12:35:21.018+0000] {taskinstance.py:1979} INFO - Dependencies all met for dep_context=non-requeueable deps ti=<TaskInstance: spotify_data_pipeline.process_songs_task manual__2024-05-06T12:33:59.163716+00:00 [queued]>
[2024-05-06T12:35:21.032+0000] {taskinstance.py:1979} INFO - Dependencies all met for dep_context=requeueable deps ti=<TaskInstance: spotify_data_pipeline.process_songs_task manual__2024-05-06T12:33:59.163716+00:00 [queued]>
[2024-05-06T12:35:21.033+0000] {taskinstance.py:2193} INFO - Starting attempt 2 of 2
[2024-05-06T12:35:21.046+0000] {taskinstance.py:2217} INFO - Executing <Task(PythonOperator): process_songs_task> on 2024-05-06 12:33:59.163716+00:00
[2024-05-06T12:35:21.052+0000] {standard_task_runner.py:60} INFO - Started process 1001 to run task
[2024-05-06T12:35:21.055+0000] {standard_task_runner.py:87} INFO - Running: ['***', 'tasks', 'run', 'spotify_data_pipeline', 'process_songs_task', 'manual__2024-05-06T12:33:59.163716+00:00', '--job-id', '125', '--raw', '--subdir', 'DAGS_FOLDER/main15.py', '--cfg-path', '/tmp/tmpj3s5_l50']
[2024-05-06T12:35:21.057+0000] {standard_task_runner.py:88} INFO - Job 125: Subtask process_songs_task
[2024-05-06T12:35:21.104+0000] {task_command.py:423} INFO - Running <TaskInstance: spotify_data_pipeline.process_songs_task manual__2024-05-06T12:33:59.163716+00:00 [running]> on host 903c75f80f15
[2024-05-06T12:35:21.267+0000] {taskinstance.py:2513} INFO - Exporting env vars: AIRFLOW_CTX_DAG_OWNER='***' AIRFLOW_CTX_DAG_ID='spotify_data_pipeline' AIRFLOW_CTX_TASK_ID='process_songs_task' AIRFLOW_CTX_EXECUTION_DATE='2024-05-06T12:33:59.163716+00:00' AIRFLOW_CTX_TRY_NUMBER='2' AIRFLOW_CTX_DAG_RUN_ID='manual__2024-05-06T12:33:59.163716+00:00'
[2024-05-06T12:35:21.269+0000] {logging_mixin.py:188} INFO - An error occurred while processing song 1: string indices must be integers
[2024-05-06T12:35:21.269+0000] {taskinstance.py:2731} ERROR - Task failed with exception
Traceback (most recent call last):
  File "/opt/airflow/dags/main15.py", line 245, in get_song_info
    if song['track'] is not None and song['track']['id'] is not None:
TypeError: string indices must be integers

During handling of the above exception, another exception occurred:

Traceback (most recent call last):
  File "/home/airflow/.local/lib/python3.8/site-packages/airflow/models/taskinstance.py", line 444, in _execute_task
    result = _execute_callable(context=context, **execute_callable_kwargs)
  File "/home/airflow/.local/lib/python3.8/site-packages/airflow/models/taskinstance.py", line 414, in _execute_callable
    return execute_callable(context=context, **execute_callable_kwargs)
  File "/home/airflow/.local/lib/python3.8/site-packages/airflow/operators/python.py", line 200, in execute
    return_value = self.execute_callable()
  File "/home/airflow/.local/lib/python3.8/site-packages/airflow/operators/python.py", line 217, in execute_callable
    return self.python_callable(*self.op_args, **self.op_kwargs)
  File "/opt/airflow/dags/main15.py", line 298, in process_songs
    get_song_info(song, idx)
  File "/opt/airflow/dags/main15.py", line 284, in get_song_info
    df.append({
NameError: free variable 'df' referenced before assignment in enclosing scope
[2024-05-06T12:35:21.283+0000] {taskinstance.py:1149} INFO - Marking task as FAILED. dag_id=spotify_data_pipeline, task_id=process_songs_task, execution_date=20240506T123359, start_date=20240506T123521, end_date=20240506T123521
[2024-05-06T12:35:21.297+0000] {standard_task_runner.py:107} ERROR - Failed to execute job 125 for task process_songs_task (free variable 'df' referenced before assignment in enclosing scope; 1001)
[2024-05-06T12:35:21.348+0000] {local_task_job_runner.py:234} INFO - Task exited with return code 1
[2024-05-06T12:35:21.376+0000] {taskinstance.py:3312} INFO - 0 downstream tasks scheduled from follow-on schedule check
